<?xml version="1.0" encoding="UTF-8"?>
<!-- Generated by org.testng.reporters.JUnitXMLReporter -->
<testsuite ignored="2" hostname="DESKTOP-AEA13V1" failures="0" tests="0" time="0.016" errors="0" timestamp="2024-08-24T17:37:24 IST">
  <testcase classname="rahulsheetyacademy.DesignFramework.StandAloneP" name="orderHistoryTest" time="0.0">
    <ignored/>
  </testcase> <!-- orderHistoryTest -->
  <testcase classname="rahulsheetyacademy.DesignFramework.StandAloneP" name="StandAlone" time="0.0">
    <ignored/>
  </testcase> <!-- StandAlone -->
</testsuite>
